{"C:\\Users\\usuario\\Desktop\\Henrry Prep\\Proyecto Banco del Sol\\Banco-del-sol\\Img-Sant\\Banco-del-Sol-Logo.png": {"path":"C:\\Users\\usuario\\Desktop\\Henrry Prep\\Proyecto Banco del Sol\\Banco-del-sol\\Img-Sant\\Banco-del-Sol-Logo.png","statementMap":{"0":{"start":{"line":1,"column":0},"end":{"line":1,"column":19}}},"fnMap":{},"branchMap":{},"s":{"0":1},"f":{},"b":{},"inputSourceMap":null,"_coverageSchema":"1a1c01bbd47fc00a2c39e90264f33305004495a9","hash":"e7f85a08df1dd1d8b5e6da62c075cca1cc328224"}
,"C:\\Users\\usuario\\Desktop\\Henrry Prep\\Proyecto Banco del Sol\\Banco-del-sol\\src\\components\\Button.tsx": {"path":"C:\\Users\\usuario\\Desktop\\Henrry Prep\\Proyecto Banco del Sol\\Banco-del-sol\\src\\components\\Button.tsx","statementMap":{"0":{"start":{"line":13,"column":15},"end":{"line":36,"column":2}},"1":{"start":{"line":44,"column":22},"end":{"line":62,"column":1}},"2":{"start":{"line":49,"column":50},"end":{"line":49,"column":68}},"3":{"start":{"line":50,"column":45},"end":{"line":50,"column":58}},"4":{"start":{"line":52,"column":2},"end":{"line":55,"column":3}},"5":{"start":{"line":53,"column":4},"end":{"line":53,"column":50}},"6":{"start":{"line":54,"column":4},"end":{"line":54,"column":40}},"7":{"start":{"line":57,"column":2},"end":{"line":61,"column":4}}},"fnMap":{"0":{"name":"(anonymous_0)","decl":{"start":{"line":44,"column":22},"end":{"line":44,"column":23}},"loc":{"start":{"line":48,"column":19},"end":{"line":62,"column":1}},"line":48},"1":{"name":"(anonymous_1)","decl":{"start":{"line":45,"column":12},"end":{"line":45,"column":13}},"loc":{"start":{"line":45,"column":18},"end":{"line":45,"column":20}},"line":45}},"branchMap":{"0":{"loc":{"start":{"line":45,"column":2},"end":{"line":45,"column":20}},"type":"default-arg","locations":[{"start":{"line":45,"column":12},"end":{"line":45,"column":20}}],"line":45},"1":{"loc":{"start":{"line":46,"column":2},"end":{"line":46,"column":15}},"type":"default-arg","locations":[{"start":{"line":46,"column":13},"end":{"line":46,"column":15}}],"line":46},"2":{"loc":{"start":{"line":52,"column":2},"end":{"line":55,"column":3}},"type":"if","locations":[{"start":{"line":52,"column":2},"end":{"line":55,"column":3}},{"start":{"line":52,"column":2},"end":{"line":55,"column":3}}],"line":52}},"s":{"0":1,"1":1,"2":1,"3":1,"4":1,"5":0,"6":0,"7":1},"f":{"0":1,"1":0},"b":{"0":[0],"1":[0],"2":[0,1]},"_coverageSchema":"1a1c01bbd47fc00a2c39e90264f33305004495a9","hash":"61fc04b10e100e3c8d0841dd2175471771e630ab"}
,"C:\\Users\\usuario\\Desktop\\Henrry Prep\\Proyecto Banco del Sol\\Banco-del-sol\\src\\components\\TextInputFormix.tsx": {"path":"C:\\Users\\usuario\\Desktop\\Henrry Prep\\Proyecto Banco del Sol\\Banco-del-sol\\src\\components\\TextInputFormix.tsx","statementMap":{"0":{"start":{"line":12,"column":26},"end":{"line":12,"column":78}},"1":{"start":{"line":13,"column":2},"end":{"line":41,"column":4}}},"fnMap":{"0":{"name":"TextInput","decl":{"start":{"line":5,"column":24},"end":{"line":5,"column":33}},"loc":{"start":{"line":11,"column":3},"end":{"line":42,"column":1}},"line":11}},"branchMap":{"0":{"loc":{"start":{"line":12,"column":26},"end":{"line":12,"column":78}},"type":"cond-expr","locations":[{"start":{"line":12,"column":37},"end":{"line":12,"column":46}},{"start":{"line":12,"column":49},"end":{"line":12,"column":78}}],"line":12},"1":{"loc":{"start":{"line":12,"column":49},"end":{"line":12,"column":78}},"type":"cond-expr","locations":[{"start":{"line":12,"column":57},"end":{"line":12,"column":66}},{"start":{"line":12,"column":69},"end":{"line":12,"column":78}}],"line":12},"2":{"loc":{"start":{"line":37,"column":7},"end":{"line":39,"column":14}},"type":"cond-expr","locations":[{"start":{"line":37,"column":18},"end":{"line":37,"column":22}},{"start":{"line":37,"column":25},"end":{"line":39,"column":14}}],"line":37},"3":{"loc":{"start":{"line":37,"column":25},"end":{"line":39,"column":14}},"type":"cond-expr","locations":[{"start":{"line":38,"column":8},"end":{"line":38,"column":53}},{"start":{"line":39,"column":10},"end":{"line":39,"column":14}}],"line":37}},"s":{"0":5,"1":5},"f":{"0":5},"b":{"0":[5,0],"1":[0,0],"2":[5,0],"3":[0,0]},"_coverageSchema":"1a1c01bbd47fc00a2c39e90264f33305004495a9","hash":"71a35c2b91001ae0961de4708322c2adbc1e9dda"}
,"C:\\Users\\usuario\\Desktop\\Henrry Prep\\Proyecto Banco del Sol\\Banco-del-sol\\src\\constants\\ButtonPrymaryStyle.ts": {"path":"C:\\Users\\usuario\\Desktop\\Henrry Prep\\Proyecto Banco del Sol\\Banco-del-sol\\src\\constants\\ButtonPrymaryStyle.ts","statementMap":{"0":{"start":{"line":4,"column":34},"end":{"line":119,"column":2}}},"fnMap":{},"branchMap":{},"s":{"0":4},"f":{},"b":{},"_coverageSchema":"1a1c01bbd47fc00a2c39e90264f33305004495a9","hash":"b6f1b12fe3c0258bbb9e88623c7b9a8d919dc76a"}
,"C:\\Users\\usuario\\Desktop\\Henrry Prep\\Proyecto Banco del Sol\\Banco-del-sol\\src\\constants\\ButtonSecondaryStyle.ts": {"path":"C:\\Users\\usuario\\Desktop\\Henrry Prep\\Proyecto Banco del Sol\\Banco-del-sol\\src\\constants\\ButtonSecondaryStyle.ts","statementMap":{"0":{"start":{"line":4,"column":36},"end":{"line":64,"column":2}}},"fnMap":{},"branchMap":{},"s":{"0":1},"f":{},"b":{},"_coverageSchema":"1a1c01bbd47fc00a2c39e90264f33305004495a9","hash":"2e1f58188b3b2055d99294512fbb6e782fdcb92a"}
,"C:\\Users\\usuario\\Desktop\\Henrry Prep\\Proyecto Banco del Sol\\Banco-del-sol\\src\\constants\\colors.ts": {"path":"C:\\Users\\usuario\\Desktop\\Henrry Prep\\Proyecto Banco del Sol\\Banco-del-sol\\src\\constants\\colors.ts","statementMap":{},"fnMap":{},"branchMap":{},"s":{},"f":{},"b":{},"_coverageSchema":"1a1c01bbd47fc00a2c39e90264f33305004495a9","hash":"99a5f8f8118a8b3fa78c2bb2661e880a50bf66a0"}
,"C:\\Users\\usuario\\Desktop\\Henrry Prep\\Proyecto Banco del Sol\\Banco-del-sol\\src\\redux\\actions\\index.ts": {"path":"C:\\Users\\usuario\\Desktop\\Henrry Prep\\Proyecto Banco del Sol\\Banco-del-sol\\src\\redux\\actions\\index.ts","statementMap":{"0":{"start":{"line":5,"column":0},"end":{"line":5,"column":34}},"1":{"start":{"line":7,"column":24},"end":{"line":7,"column":34}},"2":{"start":{"line":8,"column":24},"end":{"line":8,"column":34}},"3":{"start":{"line":9,"column":27},"end":{"line":9,"column":40}},"4":{"start":{"line":10,"column":23},"end":{"line":10,"column":32}},"5":{"start":{"line":11,"column":25},"end":{"line":11,"column":36}},"6":{"start":{"line":12,"column":25},"end":{"line":12,"column":36}},"7":{"start":{"line":13,"column":25},"end":{"line":13,"column":36}},"8":{"start":{"line":14,"column":27},"end":{"line":14,"column":40}},"9":{"start":{"line":15,"column":24},"end":{"line":15,"column":34}},"10":{"start":{"line":16,"column":25},"end":{"line":16,"column":36}},"11":{"start":{"line":17,"column":32},"end":{"line":17,"column":50}},"12":{"start":{"line":18,"column":33},"end":{"line":18,"column":52}},"13":{"start":{"line":19,"column":30},"end":{"line":19,"column":46}},"14":{"start":{"line":20,"column":28},"end":{"line":20,"column":42}},"15":{"start":{"line":21,"column":27},"end":{"line":21,"column":40}},"16":{"start":{"line":22,"column":27},"end":{"line":22,"column":40}},"17":{"start":{"line":25,"column":2},"end":{"line":83,"column":4}},"18":{"start":{"line":26,"column":4},"end":{"line":82,"column":9}},"19":{"start":{"line":30,"column":8},"end":{"line":67,"column":13}},"20":{"start":{"line":33,"column":12},"end":{"line":59,"column":17}},"21":{"start":{"line":40,"column":16},"end":{"line":43,"column":19}},"22":{"start":{"line":44,"column":16},"end":{"line":47,"column":19}},"23":{"start":{"line":48,"column":16},"end":{"line":51,"column":19}},"24":{"start":{"line":54,"column":16},"end":{"line":57,"column":19}},"25":{"start":{"line":58,"column":16},"end":{"line":58,"column":37}},"26":{"start":{"line":62,"column":12},"end":{"line":65,"column":15}},"27":{"start":{"line":66,"column":12},"end":{"line":66,"column":33}},"28":{"start":{"line":70,"column":8},"end":{"line":80,"column":9}},"29":{"start":{"line":71,"column":10},"end":{"line":74,"column":13}},"30":{"start":{"line":76,"column":10},"end":{"line":79,"column":13}},"31":{"start":{"line":81,"column":8},"end":{"line":81,"column":29}},"32":{"start":{"line":87,"column":2},"end":{"line":162,"column":4}},"33":{"start":{"line":88,"column":4},"end":{"line":161,"column":9}},"34":{"start":{"line":92,"column":8},"end":{"line":132,"column":13}},"35":{"start":{"line":95,"column":12},"end":{"line":124,"column":17}},"36":{"start":{"line":105,"column":16},"end":{"line":108,"column":19}},"37":{"start":{"line":109,"column":16},"end":{"line":112,"column":19}},"38":{"start":{"line":113,"column":16},"end":{"line":116,"column":19}},"39":{"start":{"line":119,"column":16},"end":{"line":122,"column":19}},"40":{"start":{"line":123,"column":16},"end":{"line":123,"column":37}},"41":{"start":{"line":127,"column":12},"end":{"line":130,"column":15}},"42":{"start":{"line":131,"column":12},"end":{"line":131,"column":33}},"43":{"start":{"line":135,"column":8},"end":{"line":141,"column":9}},"44":{"start":{"line":136,"column":10},"end":{"line":139,"column":13}},"45":{"start":{"line":140,"column":10},"end":{"line":140,"column":17}},"46":{"start":{"line":142,"column":8},"end":{"line":148,"column":9}},"47":{"start":{"line":143,"column":10},"end":{"line":146,"column":13}},"48":{"start":{"line":147,"column":10},"end":{"line":147,"column":17}},"49":{"start":{"line":149,"column":8},"end":{"line":155,"column":9}},"50":{"start":{"line":150,"column":10},"end":{"line":153,"column":13}},"51":{"start":{"line":154,"column":10},"end":{"line":154,"column":17}},"52":{"start":{"line":156,"column":8},"end":{"line":159,"column":11}},"53":{"start":{"line":160,"column":8},"end":{"line":160,"column":29}},"54":{"start":{"line":166,"column":2},"end":{"line":183,"column":4}},"55":{"start":{"line":167,"column":4},"end":{"line":182,"column":9}},"56":{"start":{"line":171,"column":8},"end":{"line":174,"column":11}},"57":{"start":{"line":177,"column":8},"end":{"line":180,"column":11}},"58":{"start":{"line":181,"column":8},"end":{"line":181,"column":29}},"59":{"start":{"line":187,"column":2},"end":{"line":216,"column":4}},"60":{"start":{"line":188,"column":4},"end":{"line":215,"column":9}},"61":{"start":{"line":192,"column":8},"end":{"line":195,"column":11}},"62":{"start":{"line":198,"column":8},"end":{"line":213,"column":9}},"63":{"start":{"line":199,"column":10},"end":{"line":202,"column":13}},"64":{"start":{"line":203,"column":15},"end":{"line":213,"column":9}},"65":{"start":{"line":204,"column":10},"end":{"line":207,"column":13}},"66":{"start":{"line":209,"column":10},"end":{"line":212,"column":13}},"67":{"start":{"line":214,"column":8},"end":{"line":214,"column":29}},"68":{"start":{"line":220,"column":2},"end":{"line":225,"column":4}},"69":{"start":{"line":221,"column":4},"end":{"line":224,"column":7}},"70":{"start":{"line":229,"column":2},"end":{"line":233,"column":4}},"71":{"start":{"line":230,"column":4},"end":{"line":232,"column":7}},"72":{"start":{"line":237,"column":2},"end":{"line":241,"column":4}},"73":{"start":{"line":238,"column":4},"end":{"line":240,"column":7}},"74":{"start":{"line":245,"column":2},"end":{"line":249,"column":4}},"75":{"start":{"line":246,"column":4},"end":{"line":248,"column":7}},"76":{"start":{"line":253,"column":2},"end":{"line":258,"column":4}},"77":{"start":{"line":254,"column":4},"end":{"line":257,"column":7}},"78":{"start":{"line":269,"column":2},"end":{"line":293,"column":4}},"79":{"start":{"line":270,"column":4},"end":{"line":292,"column":9}},"80":{"start":{"line":281,"column":8},"end":{"line":284,"column":11}},"81":{"start":{"line":287,"column":8},"end":{"line":290,"column":11}},"82":{"start":{"line":291,"column":8},"end":{"line":291,"column":29}},"83":{"start":{"line":297,"column":2},"end":{"line":323,"column":3}},"84":{"start":{"line":297,"column":60},"end":{"line":323,"column":3}},"85":{"start":{"line":300,"column":4},"end":{"line":322,"column":9}},"86":{"start":{"line":307,"column":31},"end":{"line":307,"column":43}},"87":{"start":{"line":309,"column":8},"end":{"line":312,"column":11}},"88":{"start":{"line":314,"column":8},"end":{"line":317,"column":11}},"89":{"start":{"line":321,"column":8},"end":{"line":321,"column":29}},"90":{"start":{"line":325,"column":23},"end":{"line":358,"column":1}},"91":{"start":{"line":325,"column":63},"end":{"line":358,"column":1}},"92":{"start":{"line":328,"column":2},"end":{"line":357,"column":7}},"93":{"start":{"line":335,"column":6},"end":{"line":335,"column":38}},"94":{"start":{"line":337,"column":33},"end":{"line":337,"column":45}},"95":{"start":{"line":338,"column":6},"end":{"line":341,"column":9}},"96":{"start":{"line":342,"column":6},"end":{"line":345,"column":9}},"97":{"start":{"line":349,"column":6},"end":{"line":352,"column":9}},"98":{"start":{"line":353,"column":6},"end":{"line":356,"column":9}},"99":{"start":{"line":360,"column":27},"end":{"line":366,"column":1}},"100":{"start":{"line":360,"column":33},"end":{"line":366,"column":1}},"101":{"start":{"line":362,"column":2},"end":{"line":365,"column":5}},"102":{"start":{"line":368,"column":29},"end":{"line":375,"column":1}},"103":{"start":{"line":368,"column":62},"end":{"line":375,"column":1}},"104":{"start":{"line":371,"column":2},"end":{"line":374,"column":5}},"105":{"start":{"line":378,"column":2},"end":{"line":398,"column":4}},"106":{"start":{"line":379,"column":4},"end":{"line":397,"column":9}},"107":{"start":{"line":386,"column":8},"end":{"line":389,"column":11}},"108":{"start":{"line":392,"column":8},"end":{"line":395,"column":11}},"109":{"start":{"line":396,"column":8},"end":{"line":396,"column":29}},"110":{"start":{"line":402,"column":35},"end":{"line":402,"column":39}},"111":{"start":{"line":403,"column":2},"end":{"line":419,"column":40}},"112":{"start":{"line":414,"column":6},"end":{"line":417,"column":9}},"113":{"start":{"line":419,"column":20},"end":{"line":419,"column":38}},"114":{"start":{"line":422,"column":29},"end":{"line":428,"column":1}},"115":{"start":{"line":422,"column":48},"end":{"line":428,"column":1}},"116":{"start":{"line":423,"column":2},"end":{"line":423,"column":38}},"117":{"start":{"line":424,"column":2},"end":{"line":427,"column":5}}},"fnMap":{"0":{"name":"register","decl":{"start":{"line":24,"column":16},"end":{"line":24,"column":24}},"loc":{"start":{"line":24,"column":59},"end":{"line":84,"column":1}},"line":24},"1":{"name":"(anonymous_1)","decl":{"start":{"line":25,"column":9},"end":{"line":25,"column":10}},"loc":{"start":{"line":25,"column":28},"end":{"line":83,"column":3}},"line":25},"2":{"name":"(anonymous_2)","decl":{"start":{"line":29,"column":12},"end":{"line":29,"column":13}},"loc":{"start":{"line":29,"column":24},"end":{"line":68,"column":7}},"line":29},"3":{"name":"(anonymous_3)","decl":{"start":{"line":32,"column":16},"end":{"line":32,"column":17}},"loc":{"start":{"line":32,"column":27},"end":{"line":60,"column":11}},"line":32},"4":{"name":"(anonymous_4)","decl":{"start":{"line":39,"column":20},"end":{"line":39,"column":21}},"loc":{"start":{"line":39,"column":37},"end":{"line":52,"column":15}},"line":39},"5":{"name":"(anonymous_5)","decl":{"start":{"line":53,"column":21},"end":{"line":53,"column":22}},"loc":{"start":{"line":53,"column":30},"end":{"line":59,"column":15}},"line":53},"6":{"name":"(anonymous_6)","decl":{"start":{"line":61,"column":17},"end":{"line":61,"column":18}},"loc":{"start":{"line":61,"column":26},"end":{"line":67,"column":11}},"line":61},"7":{"name":"(anonymous_7)","decl":{"start":{"line":69,"column":13},"end":{"line":69,"column":14}},"loc":{"start":{"line":69,"column":22},"end":{"line":82,"column":7}},"line":69},"8":{"name":"login","decl":{"start":{"line":86,"column":16},"end":{"line":86,"column":21}},"loc":{"start":{"line":86,"column":55},"end":{"line":163,"column":1}},"line":86},"9":{"name":"(anonymous_9)","decl":{"start":{"line":87,"column":9},"end":{"line":87,"column":10}},"loc":{"start":{"line":87,"column":28},"end":{"line":162,"column":3}},"line":87},"10":{"name":"(anonymous_10)","decl":{"start":{"line":91,"column":12},"end":{"line":91,"column":13}},"loc":{"start":{"line":91,"column":24},"end":{"line":133,"column":7}},"line":91},"11":{"name":"(anonymous_11)","decl":{"start":{"line":94,"column":16},"end":{"line":94,"column":17}},"loc":{"start":{"line":94,"column":27},"end":{"line":125,"column":11}},"line":94},"12":{"name":"(anonymous_12)","decl":{"start":{"line":104,"column":20},"end":{"line":104,"column":21}},"loc":{"start":{"line":104,"column":40},"end":{"line":117,"column":15}},"line":104},"13":{"name":"(anonymous_13)","decl":{"start":{"line":118,"column":21},"end":{"line":118,"column":22}},"loc":{"start":{"line":118,"column":30},"end":{"line":124,"column":15}},"line":118},"14":{"name":"(anonymous_14)","decl":{"start":{"line":126,"column":17},"end":{"line":126,"column":18}},"loc":{"start":{"line":126,"column":26},"end":{"line":132,"column":11}},"line":126},"15":{"name":"(anonymous_15)","decl":{"start":{"line":134,"column":13},"end":{"line":134,"column":14}},"loc":{"start":{"line":134,"column":22},"end":{"line":161,"column":7}},"line":134},"16":{"name":"logout","decl":{"start":{"line":165,"column":16},"end":{"line":165,"column":22}},"loc":{"start":{"line":165,"column":25},"end":{"line":184,"column":1}},"line":165},"17":{"name":"(anonymous_17)","decl":{"start":{"line":166,"column":9},"end":{"line":166,"column":10}},"loc":{"start":{"line":166,"column":28},"end":{"line":183,"column":3}},"line":166},"18":{"name":"(anonymous_18)","decl":{"start":{"line":170,"column":12},"end":{"line":170,"column":13}},"loc":{"start":{"line":170,"column":18},"end":{"line":175,"column":7}},"line":170},"19":{"name":"(anonymous_19)","decl":{"start":{"line":176,"column":13},"end":{"line":176,"column":14}},"loc":{"start":{"line":176,"column":22},"end":{"line":182,"column":7}},"line":176},"20":{"name":"resetPass","decl":{"start":{"line":186,"column":16},"end":{"line":186,"column":25}},"loc":{"start":{"line":186,"column":41},"end":{"line":217,"column":1}},"line":186},"21":{"name":"(anonymous_21)","decl":{"start":{"line":187,"column":9},"end":{"line":187,"column":10}},"loc":{"start":{"line":187,"column":28},"end":{"line":216,"column":3}},"line":187},"22":{"name":"(anonymous_22)","decl":{"start":{"line":191,"column":12},"end":{"line":191,"column":13}},"loc":{"start":{"line":191,"column":18},"end":{"line":196,"column":7}},"line":191},"23":{"name":"(anonymous_23)","decl":{"start":{"line":197,"column":13},"end":{"line":197,"column":14}},"loc":{"start":{"line":197,"column":22},"end":{"line":215,"column":7}},"line":197},"24":{"name":"resetSucceed","decl":{"start":{"line":219,"column":16},"end":{"line":219,"column":28}},"loc":{"start":{"line":219,"column":31},"end":{"line":226,"column":1}},"line":219},"25":{"name":"(anonymous_25)","decl":{"start":{"line":220,"column":9},"end":{"line":220,"column":10}},"loc":{"start":{"line":220,"column":28},"end":{"line":225,"column":3}},"line":220},"26":{"name":"setLoadingTrue","decl":{"start":{"line":228,"column":16},"end":{"line":228,"column":30}},"loc":{"start":{"line":228,"column":33},"end":{"line":234,"column":1}},"line":228},"27":{"name":"(anonymous_27)","decl":{"start":{"line":229,"column":9},"end":{"line":229,"column":10}},"loc":{"start":{"line":229,"column":28},"end":{"line":233,"column":3}},"line":229},"28":{"name":"setLoadingFalse","decl":{"start":{"line":236,"column":16},"end":{"line":236,"column":31}},"loc":{"start":{"line":236,"column":34},"end":{"line":242,"column":1}},"line":236},"29":{"name":"(anonymous_29)","decl":{"start":{"line":237,"column":9},"end":{"line":237,"column":10}},"loc":{"start":{"line":237,"column":28},"end":{"line":241,"column":3}},"line":237},"30":{"name":"cleanErrors","decl":{"start":{"line":244,"column":16},"end":{"line":244,"column":27}},"loc":{"start":{"line":244,"column":30},"end":{"line":250,"column":1}},"line":244},"31":{"name":"(anonymous_31)","decl":{"start":{"line":245,"column":9},"end":{"line":245,"column":10}},"loc":{"start":{"line":245,"column":28},"end":{"line":249,"column":3}},"line":245},"32":{"name":"fetchCvu","decl":{"start":{"line":252,"column":16},"end":{"line":252,"column":24}},"loc":{"start":{"line":252,"column":27},"end":{"line":259,"column":1}},"line":252},"33":{"name":"(anonymous_33)","decl":{"start":{"line":253,"column":9},"end":{"line":253,"column":10}},"loc":{"start":{"line":253,"column":28},"end":{"line":258,"column":3}},"line":253},"34":{"name":"addFunds","decl":{"start":{"line":261,"column":16},"end":{"line":261,"column":24}},"loc":{"start":{"line":268,"column":2},"end":{"line":294,"column":1}},"line":268},"35":{"name":"(anonymous_35)","decl":{"start":{"line":269,"column":9},"end":{"line":269,"column":10}},"loc":{"start":{"line":269,"column":21},"end":{"line":293,"column":3}},"line":269},"36":{"name":"(anonymous_36)","decl":{"start":{"line":280,"column":12},"end":{"line":280,"column":13}},"loc":{"start":{"line":280,"column":24},"end":{"line":285,"column":7}},"line":280},"37":{"name":"(anonymous_37)","decl":{"start":{"line":286,"column":13},"end":{"line":286,"column":14}},"loc":{"start":{"line":286,"column":22},"end":{"line":292,"column":7}},"line":286},"38":{"name":"(anonymous_38)","decl":{"start":{"line":297,"column":2},"end":{"line":297,"column":3}},"loc":{"start":{"line":297,"column":60},"end":{"line":323,"column":3}},"line":297},"39":{"name":"(anonymous_39)","decl":{"start":{"line":297,"column":60},"end":{"line":297,"column":61}},"loc":{"start":{"line":297,"column":72},"end":{"line":323,"column":3}},"line":297},"40":{"name":"(anonymous_40)","decl":{"start":{"line":306,"column":12},"end":{"line":306,"column":13}},"loc":{"start":{"line":306,"column":23},"end":{"line":318,"column":7}},"line":306},"41":{"name":"(anonymous_41)","decl":{"start":{"line":319,"column":13},"end":{"line":319,"column":14}},"loc":{"start":{"line":319,"column":22},"end":{"line":322,"column":7}},"line":319},"42":{"name":"(anonymous_42)","decl":{"start":{"line":325,"column":23},"end":{"line":325,"column":24}},"loc":{"start":{"line":325,"column":63},"end":{"line":358,"column":1}},"line":325},"43":{"name":"(anonymous_43)","decl":{"start":{"line":325,"column":63},"end":{"line":325,"column":64}},"loc":{"start":{"line":325,"column":75},"end":{"line":358,"column":1}},"line":325},"44":{"name":"(anonymous_44)","decl":{"start":{"line":334,"column":10},"end":{"line":334,"column":11}},"loc":{"start":{"line":334,"column":21},"end":{"line":346,"column":5}},"line":334},"45":{"name":"(anonymous_45)","decl":{"start":{"line":348,"column":11},"end":{"line":348,"column":12}},"loc":{"start":{"line":348,"column":17},"end":{"line":357,"column":5}},"line":348},"46":{"name":"(anonymous_46)","decl":{"start":{"line":360,"column":27},"end":{"line":360,"column":28}},"loc":{"start":{"line":360,"column":33},"end":{"line":366,"column":1}},"line":360},"47":{"name":"(anonymous_47)","decl":{"start":{"line":360,"column":33},"end":{"line":360,"column":34}},"loc":{"start":{"line":360,"column":45},"end":{"line":366,"column":1}},"line":360},"48":{"name":"(anonymous_48)","decl":{"start":{"line":368,"column":29},"end":{"line":368,"column":30}},"loc":{"start":{"line":368,"column":62},"end":{"line":375,"column":1}},"line":368},"49":{"name":"(anonymous_49)","decl":{"start":{"line":368,"column":62},"end":{"line":368,"column":63}},"loc":{"start":{"line":368,"column":74},"end":{"line":375,"column":1}},"line":368},"50":{"name":"updateAccount","decl":{"start":{"line":377,"column":16},"end":{"line":377,"column":29}},"loc":{"start":{"line":377,"column":60},"end":{"line":399,"column":1}},"line":377},"51":{"name":"(anonymous_51)","decl":{"start":{"line":378,"column":9},"end":{"line":378,"column":10}},"loc":{"start":{"line":378,"column":21},"end":{"line":398,"column":3}},"line":378},"52":{"name":"(anonymous_52)","decl":{"start":{"line":385,"column":12},"end":{"line":385,"column":13}},"loc":{"start":{"line":385,"column":24},"end":{"line":390,"column":7}},"line":385},"53":{"name":"(anonymous_53)","decl":{"start":{"line":391,"column":13},"end":{"line":391,"column":14}},"loc":{"start":{"line":391,"column":22},"end":{"line":397,"column":7}},"line":391},"54":{"name":"updateUser","decl":{"start":{"line":401,"column":22},"end":{"line":401,"column":32}},"loc":{"start":{"line":401,"column":74},"end":{"line":420,"column":1}},"line":401},"55":{"name":"(anonymous_55)","decl":{"start":{"line":413,"column":10},"end":{"line":413,"column":11}},"loc":{"start":{"line":413,"column":22},"end":{"line":418,"column":5}},"line":413},"56":{"name":"(anonymous_56)","decl":{"start":{"line":419,"column":11},"end":{"line":419,"column":12}},"loc":{"start":{"line":419,"column":20},"end":{"line":419,"column":38}},"line":419},"57":{"name":"(anonymous_57)","decl":{"start":{"line":422,"column":29},"end":{"line":422,"column":30}},"loc":{"start":{"line":422,"column":48},"end":{"line":428,"column":1}},"line":422},"58":{"name":"(anonymous_58)","decl":{"start":{"line":422,"column":48},"end":{"line":422,"column":49}},"loc":{"start":{"line":422,"column":60},"end":{"line":428,"column":1}},"line":422}},"branchMap":{"0":{"loc":{"start":{"line":70,"column":8},"end":{"line":80,"column":9}},"type":"if","locations":[{"start":{"line":70,"column":8},"end":{"line":80,"column":9}},{"start":{"line":70,"column":8},"end":{"line":80,"column":9}}],"line":70},"1":{"loc":{"start":{"line":135,"column":8},"end":{"line":141,"column":9}},"type":"if","locations":[{"start":{"line":135,"column":8},"end":{"line":141,"column":9}},{"start":{"line":135,"column":8},"end":{"line":141,"column":9}}],"line":135},"2":{"loc":{"start":{"line":142,"column":8},"end":{"line":148,"column":9}},"type":"if","locations":[{"start":{"line":142,"column":8},"end":{"line":148,"column":9}},{"start":{"line":142,"column":8},"end":{"line":148,"column":9}}],"line":142},"3":{"loc":{"start":{"line":149,"column":8},"end":{"line":155,"column":9}},"type":"if","locations":[{"start":{"line":149,"column":8},"end":{"line":155,"column":9}},{"start":{"line":149,"column":8},"end":{"line":155,"column":9}}],"line":149},"4":{"loc":{"start":{"line":198,"column":8},"end":{"line":213,"column":9}},"type":"if","locations":[{"start":{"line":198,"column":8},"end":{"line":213,"column":9}},{"start":{"line":198,"column":8},"end":{"line":213,"column":9}}],"line":198},"5":{"loc":{"start":{"line":203,"column":15},"end":{"line":213,"column":9}},"type":"if","locations":[{"start":{"line":203,"column":15},"end":{"line":213,"column":9}},{"start":{"line":203,"column":15},"end":{"line":213,"column":9}}],"line":203}},"s":{"0":3,"1":3,"2":3,"3":3,"4":3,"5":3,"6":3,"7":3,"8":3,"9":3,"10":3,"11":3,"12":3,"13":3,"14":3,"15":3,"16":3,"17":0,"18":0,"19":0,"20":0,"21":0,"22":0,"23":0,"24":0,"25":0,"26":0,"27":0,"28":0,"29":0,"30":0,"31":0,"32":0,"33":0,"34":0,"35":0,"36":0,"37":0,"38":0,"39":0,"40":0,"41":0,"42":0,"43":0,"44":0,"45":0,"46":0,"47":0,"48":0,"49":0,"50":0,"51":0,"52":0,"53":0,"54":0,"55":0,"56":0,"57":0,"58":0,"59":0,"60":0,"61":0,"62":0,"63":0,"64":0,"65":0,"66":0,"67":0,"68":0,"69":0,"70":0,"71":0,"72":0,"73":0,"74":0,"75":0,"76":0,"77":0,"78":0,"79":0,"80":0,"81":0,"82":0,"83":3,"84":0,"85":0,"86":0,"87":0,"88":0,"89":0,"90":3,"91":0,"92":0,"93":0,"94":0,"95":0,"96":0,"97":0,"98":0,"99":3,"100":0,"101":0,"102":3,"103":0,"104":0,"105":0,"106":0,"107":0,"108":0,"109":0,"110":0,"111":0,"112":0,"113":0,"114":3,"115":0,"116":0,"117":0},"f":{"0":0,"1":0,"2":0,"3":0,"4":0,"5":0,"6":0,"7":0,"8":0,"9":0,"10":0,"11":0,"12":0,"13":0,"14":0,"15":0,"16":0,"17":0,"18":0,"19":0,"20":0,"21":0,"22":0,"23":0,"24":0,"25":0,"26":0,"27":0,"28":0,"29":0,"30":0,"31":0,"32":0,"33":0,"34":0,"35":0,"36":0,"37":0,"38":0,"39":0,"40":0,"41":0,"42":0,"43":0,"44":0,"45":0,"46":0,"47":0,"48":0,"49":0,"50":0,"51":0,"52":0,"53":0,"54":0,"55":0,"56":0,"57":0,"58":0},"b":{"0":[0,0],"1":[0,0],"2":[0,0],"3":[0,0],"4":[0,0],"5":[0,0]},"_coverageSchema":"1a1c01bbd47fc00a2c39e90264f33305004495a9","hash":"9875e2b1ee36d737aadb8291910ec64f2349a16c"}
,"C:\\Users\\usuario\\Desktop\\Henrry Prep\\Proyecto Banco del Sol\\Banco-del-sol\\src\\redux\\reducer\\index.ts": {"path":"C:\\Users\\usuario\\Desktop\\Henrry Prep\\Proyecto Banco del Sol\\Banco-del-sol\\src\\redux\\reducer\\index.ts","statementMap":{"0":{"start":{"line":25,"column":28},"end":{"line":37,"column":1}},"1":{"start":{"line":40,"column":2},"end":{"line":151,"column":3}},"2":{"start":{"line":42,"column":6},"end":{"line":45,"column":8}},"3":{"start":{"line":48,"column":6},"end":{"line":51,"column":8}},"4":{"start":{"line":54,"column":6},"end":{"line":57,"column":8}},"5":{"start":{"line":60,"column":6},"end":{"line":64,"column":8}},"6":{"start":{"line":67,"column":6},"end":{"line":70,"column":8}},"7":{"start":{"line":73,"column":6},"end":{"line":76,"column":8}},"8":{"start":{"line":78,"column":6},"end":{"line":89,"column":8}},"9":{"start":{"line":92,"column":6},"end":{"line":98,"column":8}},"10":{"start":{"line":101,"column":6},"end":{"line":104,"column":8}},"11":{"start":{"line":107,"column":6},"end":{"line":110,"column":8}},"12":{"start":{"line":113,"column":6},"end":{"line":116,"column":8}},"13":{"start":{"line":119,"column":6},"end":{"line":122,"column":8}},"14":{"start":{"line":125,"column":26},"end":{"line":127,"column":7}},"15":{"start":{"line":126,"column":19},"end":{"line":126,"column":51}},"16":{"start":{"line":128,"column":6},"end":{"line":131,"column":8}},"17":{"start":{"line":134,"column":6},"end":{"line":137,"column":8}},"18":{"start":{"line":140,"column":6},"end":{"line":143,"column":8}},"19":{"start":{"line":145,"column":6},"end":{"line":148,"column":8}},"20":{"start":{"line":150,"column":6},"end":{"line":150,"column":19}}},"fnMap":{"0":{"name":"rootReducer","decl":{"start":{"line":39,"column":24},"end":{"line":39,"column":35}},"loc":{"start":{"line":39,"column":78},"end":{"line":152,"column":1}},"line":39},"1":{"name":"(anonymous_1)","decl":{"start":{"line":126,"column":8},"end":{"line":126,"column":9}},"loc":{"start":{"line":126,"column":19},"end":{"line":126,"column":51}},"line":126}},"branchMap":{"0":{"loc":{"start":{"line":39,"column":36},"end":{"line":39,"column":56}},"type":"default-arg","locations":[{"start":{"line":39,"column":44},"end":{"line":39,"column":56}}],"line":39},"1":{"loc":{"start":{"line":40,"column":2},"end":{"line":151,"column":3}},"type":"switch","locations":[{"start":{"line":41,"column":4},"end":{"line":45,"column":8}},{"start":{"line":47,"column":4},"end":{"line":51,"column":8}},{"start":{"line":53,"column":4},"end":{"line":57,"column":8}},{"start":{"line":59,"column":4},"end":{"line":64,"column":8}},{"start":{"line":66,"column":4},"end":{"line":70,"column":8}},{"start":{"line":72,"column":4},"end":{"line":76,"column":8}},{"start":{"line":77,"column":4},"end":{"line":89,"column":8}},{"start":{"line":91,"column":4},"end":{"line":98,"column":8}},{"start":{"line":100,"column":4},"end":{"line":104,"column":8}},{"start":{"line":106,"column":4},"end":{"line":110,"column":8}},{"start":{"line":112,"column":4},"end":{"line":116,"column":8}},{"start":{"line":118,"column":4},"end":{"line":122,"column":8}},{"start":{"line":124,"column":4},"end":{"line":131,"column":8}},{"start":{"line":133,"column":4},"end":{"line":137,"column":8}},{"start":{"line":139,"column":4},"end":{"line":143,"column":8}},{"start":{"line":144,"column":4},"end":{"line":148,"column":8}},{"start":{"line":149,"column":4},"end":{"line":150,"column":19}}],"line":40}},"s":{"0":3,"1":0,"2":0,"3":0,"4":0,"5":0,"6":0,"7":0,"8":0,"9":0,"10":0,"11":0,"12":0,"13":0,"14":0,"15":0,"16":0,"17":0,"18":0,"19":0,"20":0},"f":{"0":0,"1":0},"b":{"0":[0],"1":[0,0,0,0,0,0,0,0,0,0,0,0,0,0,0,0,0]},"_coverageSchema":"1a1c01bbd47fc00a2c39e90264f33305004495a9","hash":"be59fc04600248305c39968466be17691825953d"}
,"C:\\Users\\usuario\\Desktop\\Henrry Prep\\Proyecto Banco del Sol\\Banco-del-sol\\src\\screens\\addFunds\\AddFunds.tsx": {"path":"C:\\Users\\usuario\\Desktop\\Henrry Prep\\Proyecto Banco del Sol\\Banco-del-sol\\src\\screens\\addFunds\\AddFunds.tsx","statementMap":{"0":{"start":{"line":12,"column":24},"end":{"line":83,"column":1}},"1":{"start":{"line":13,"column":20},"end":{"line":13,"column":65}},"2":{"start":{"line":13,"column":54},"end":{"line":13,"column":64}},"3":{"start":{"line":14,"column":16},"end":{"line":14,"column":62}},"4":{"start":{"line":14,"column":50},"end":{"line":14,"column":61}},"5":{"start":{"line":15,"column":19},"end":{"line":15,"column":32}},"6":{"start":{"line":16,"column":28},"end":{"line":16,"column":39}},"7":{"start":{"line":18,"column":2},"end":{"line":82,"column":4}},"8":{"start":{"line":30,"column":14},"end":{"line":31,"column":74}},"9":{"start":{"line":30,"column":57},"end":{"line":30,"column":69}},"10":{"start":{"line":31,"column":19},"end":{"line":31,"column":74}},"11":{"start":{"line":43,"column":16},"end":{"line":52,"column":18}},"12":{"start":{"line":53,"column":16},"end":{"line":53,"column":28}}},"fnMap":{"0":{"name":"(anonymous_0)","decl":{"start":{"line":12,"column":24},"end":{"line":12,"column":25}},"loc":{"start":{"line":12,"column":30},"end":{"line":83,"column":1}},"line":12},"1":{"name":"(anonymous_1)","decl":{"start":{"line":13,"column":32},"end":{"line":13,"column":33}},"loc":{"start":{"line":13,"column":54},"end":{"line":13,"column":64}},"line":13},"2":{"name":"(anonymous_2)","decl":{"start":{"line":14,"column":28},"end":{"line":14,"column":29}},"loc":{"start":{"line":14,"column":50},"end":{"line":14,"column":61}},"line":14},"3":{"name":"(anonymous_3)","decl":{"start":{"line":29,"column":26},"end":{"line":29,"column":27}},"loc":{"start":{"line":29,"column":44},"end":{"line":32,"column":13}},"line":29},"4":{"name":"(anonymous_4)","decl":{"start":{"line":42,"column":23},"end":{"line":42,"column":24}},"loc":{"start":{"line":42,"column":29},"end":{"line":54,"column":15}},"line":42}},"branchMap":{"0":{"loc":{"start":{"line":30,"column":14},"end":{"line":31,"column":74}},"type":"if","locations":[{"start":{"line":30,"column":14},"end":{"line":31,"column":74}},{"start":{"line":30,"column":14},"end":{"line":31,"column":74}}],"line":30},"1":{"loc":{"start":{"line":39,"column":9},"end":{"line":79,"column":9}},"type":"cond-expr","locations":[{"start":{"line":40,"column":10},"end":{"line":65,"column":17}},{"start":{"line":67,"column":10},"end":{"line":78,"column":17}}],"line":39}},"s":{"0":1,"1":1,"2":2,"3":1,"4":2,"5":1,"6":1,"7":1,"8":0,"9":0,"10":0,"11":0,"12":0},"f":{"0":1,"1":2,"2":2,"3":0,"4":0},"b":{"0":[0,0],"1":[0,1]},"_coverageSchema":"1a1c01bbd47fc00a2c39e90264f33305004495a9","hash":"ca9dc7d3e3fe538a26d099e92ce6d0974bd25882"}
,"C:\\Users\\usuario\\Desktop\\Henrry Prep\\Proyecto Banco del Sol\\Banco-del-sol\\src\\screens\\addFunds\\AddFundsStyles.ts": {"path":"C:\\Users\\usuario\\Desktop\\Henrry Prep\\Proyecto Banco del Sol\\Banco-del-sol\\src\\screens\\addFunds\\AddFundsStyles.ts","statementMap":{"0":{"start":{"line":4,"column":22},"end":{"line":39,"column":2}}},"fnMap":{},"branchMap":{},"s":{"0":1},"f":{},"b":{},"_coverageSchema":"1a1c01bbd47fc00a2c39e90264f33305004495a9","hash":"968d75860d71bb832cec385a739bd0f4f5533b8e"}
,"C:\\Users\\usuario\\Desktop\\Henrry Prep\\Proyecto Banco del Sol\\Banco-del-sol\\src\\screens\\error\\Error.tsx": {"path":"C:\\Users\\usuario\\Desktop\\Henrry Prep\\Proyecto Banco del Sol\\Banco-del-sol\\src\\screens\\error\\Error.tsx","statementMap":{"0":{"start":{"line":10,"column":21},"end":{"line":34,"column":1}},"1":{"start":{"line":11,"column":15},"end":{"line":13,"column":3}},"2":{"start":{"line":12,"column":4},"end":{"line":12,"column":29}},"3":{"start":{"line":14,"column":2},"end":{"line":33,"column":4}},"4":{"start":{"line":21,"column":25},"end":{"line":21,"column":31}}},"fnMap":{"0":{"name":"(anonymous_0)","decl":{"start":{"line":10,"column":21},"end":{"line":10,"column":22}},"loc":{"start":{"line":10,"column":48},"end":{"line":34,"column":1}},"line":10},"1":{"name":"(anonymous_1)","decl":{"start":{"line":11,"column":15},"end":{"line":11,"column":16}},"loc":{"start":{"line":11,"column":21},"end":{"line":13,"column":3}},"line":11},"2":{"name":"(anonymous_2)","decl":{"start":{"line":21,"column":19},"end":{"line":21,"column":20}},"loc":{"start":{"line":21,"column":25},"end":{"line":21,"column":31}},"line":21}},"branchMap":{},"s":{"0":1,"1":2,"2":1,"3":2,"4":1},"f":{"0":2,"1":1,"2":1},"b":{},"_coverageSchema":"1a1c01bbd47fc00a2c39e90264f33305004495a9","hash":"bf04d72f9d64ed94ae78cb86b453873830b4e337"}
,"C:\\Users\\usuario\\Desktop\\Henrry Prep\\Proyecto Banco del Sol\\Banco-del-sol\\src\\screens\\error\\ErrorStyles.ts": {"path":"C:\\Users\\usuario\\Desktop\\Henrry Prep\\Proyecto Banco del Sol\\Banco-del-sol\\src\\screens\\error\\ErrorStyles.ts","statementMap":{"0":{"start":{"line":4,"column":22},"end":{"line":268,"column":2}}},"fnMap":{},"branchMap":{},"s":{"0":1},"f":{},"b":{},"_coverageSchema":"1a1c01bbd47fc00a2c39e90264f33305004495a9","hash":"70e8d30d267b6a21b4e8c32865fb466e281f09b3"}
,"C:\\Users\\usuario\\Desktop\\Henrry Prep\\Proyecto Banco del Sol\\Banco-del-sol\\src\\screens\\loading2\\LoadingFull.tsx": {"path":"C:\\Users\\usuario\\Desktop\\Henrry Prep\\Proyecto Banco del Sol\\Banco-del-sol\\src\\screens\\loading2\\LoadingFull.tsx","statementMap":{"0":{"start":{"line":12,"column":27},"end":{"line":12,"column":32}},"1":{"start":{"line":14,"column":2},"end":{"line":34,"column":4}}},"fnMap":{"0":{"name":"LoadingFull","decl":{"start":{"line":11,"column":16},"end":{"line":11,"column":27}},"loc":{"start":{"line":11,"column":40},"end":{"line":35,"column":1}},"line":11}},"branchMap":{"0":{"loc":{"start":{"line":12,"column":10},"end":{"line":12,"column":22}},"type":"default-arg","locations":[{"start":{"line":12,"column":17},"end":{"line":12,"column":22}}],"line":12}},"s":{"0":3,"1":3},"f":{"0":3},"b":{"0":[1]},"_coverageSchema":"1a1c01bbd47fc00a2c39e90264f33305004495a9","hash":"0fb64480ea43ddd442a378d2d0f512bf62d330cf"}
,"C:\\Users\\usuario\\Desktop\\Henrry Prep\\Proyecto Banco del Sol\\Banco-del-sol\\src\\screens\\login\\Login.tsx": {"path":"C:\\Users\\usuario\\Desktop\\Henrry Prep\\Proyecto Banco del Sol\\Banco-del-sol\\src\\screens\\login\\Login.tsx","statementMap":{"0":{"start":{"line":20,"column":21},"end":{"line":157,"column":1}},"1":{"start":{"line":21,"column":20},"end":{"line":21,"column":67}},"2":{"start":{"line":21,"column":56},"end":{"line":21,"column":66}},"3":{"start":{"line":22,"column":18},"end":{"line":22,"column":66}},"4":{"start":{"line":22,"column":52},"end":{"line":22,"column":65}},"5":{"start":{"line":23,"column":16},"end":{"line":23,"column":63}},"6":{"start":{"line":23,"column":50},"end":{"line":23,"column":62}},"7":{"start":{"line":24,"column":19},"end":{"line":24,"column":32}},"8":{"start":{"line":26,"column":28},"end":{"line":26,"column":43}},"9":{"start":{"line":28,"column":26},"end":{"line":32,"column":4}},"10":{"start":{"line":34,"column":2},"end":{"line":38,"column":21}},"11":{"start":{"line":35,"column":4},"end":{"line":37,"column":5}},"12":{"start":{"line":36,"column":6},"end":{"line":36,"column":21}},"13":{"start":{"line":40,"column":2},"end":{"line":42,"column":3}},"14":{"start":{"line":41,"column":4},"end":{"line":41,"column":32}},"15":{"start":{"line":44,"column":2},"end":{"line":156,"column":4}},"16":{"start":{"line":57,"column":12},"end":{"line":57,"column":34}},"17":{"start":{"line":88,"column":12},"end":{"line":88,"column":28}},"18":{"start":{"line":89,"column":12},"end":{"line":89,"column":36}},"19":{"start":{"line":103,"column":42},"end":{"line":103,"column":75}},"20":{"start":{"line":112,"column":42},"end":{"line":112,"column":78}},"21":{"start":{"line":118,"column":25},"end":{"line":118,"column":58}},"22":{"start":{"line":128,"column":14},"end":{"line":128,"column":57}},"23":{"start":{"line":129,"column":14},"end":{"line":129,"column":41}},"24":{"start":{"line":138,"column":14},"end":{"line":138,"column":28}}},"fnMap":{"0":{"name":"(anonymous_0)","decl":{"start":{"line":20,"column":21},"end":{"line":20,"column":22}},"loc":{"start":{"line":20,"column":48},"end":{"line":157,"column":1}},"line":20},"1":{"name":"(anonymous_1)","decl":{"start":{"line":21,"column":32},"end":{"line":21,"column":33}},"loc":{"start":{"line":21,"column":56},"end":{"line":21,"column":66}},"line":21},"2":{"name":"(anonymous_2)","decl":{"start":{"line":22,"column":30},"end":{"line":22,"column":31}},"loc":{"start":{"line":22,"column":52},"end":{"line":22,"column":65}},"line":22},"3":{"name":"(anonymous_3)","decl":{"start":{"line":23,"column":28},"end":{"line":23,"column":29}},"loc":{"start":{"line":23,"column":50},"end":{"line":23,"column":62}},"line":23},"4":{"name":"(anonymous_4)","decl":{"start":{"line":34,"column":12},"end":{"line":34,"column":13}},"loc":{"start":{"line":34,"column":18},"end":{"line":38,"column":3}},"line":34},"5":{"name":"(anonymous_5)","decl":{"start":{"line":56,"column":19},"end":{"line":56,"column":20}},"loc":{"start":{"line":56,"column":25},"end":{"line":58,"column":11}},"line":56},"6":{"name":"(anonymous_6)","decl":{"start":{"line":87,"column":28},"end":{"line":87,"column":29}},"loc":{"start":{"line":87,"column":34},"end":{"line":90,"column":11}},"line":87},"7":{"name":"(anonymous_7)","decl":{"start":{"line":103,"column":24},"end":{"line":103,"column":25}},"loc":{"start":{"line":103,"column":42},"end":{"line":103,"column":75}},"line":103},"8":{"name":"(anonymous_8)","decl":{"start":{"line":112,"column":24},"end":{"line":112,"column":25}},"loc":{"start":{"line":112,"column":42},"end":{"line":112,"column":78}},"line":112},"9":{"name":"(anonymous_9)","decl":{"start":{"line":118,"column":19},"end":{"line":118,"column":20}},"loc":{"start":{"line":118,"column":25},"end":{"line":118,"column":58}},"line":118},"10":{"name":"(anonymous_10)","decl":{"start":{"line":127,"column":21},"end":{"line":127,"column":22}},"loc":{"start":{"line":127,"column":27},"end":{"line":130,"column":13}},"line":127},"11":{"name":"(anonymous_11)","decl":{"start":{"line":137,"column":21},"end":{"line":137,"column":22}},"loc":{"start":{"line":137,"column":27},"end":{"line":139,"column":13}},"line":137}},"branchMap":{"0":{"loc":{"start":{"line":35,"column":4},"end":{"line":37,"column":5}},"type":"if","locations":[{"start":{"line":35,"column":4},"end":{"line":37,"column":5}},{"start":{"line":35,"column":4},"end":{"line":37,"column":5}}],"line":35},"1":{"loc":{"start":{"line":40,"column":2},"end":{"line":42,"column":3}},"type":"if","locations":[{"start":{"line":40,"column":2},"end":{"line":42,"column":3}},{"start":{"line":40,"column":2},"end":{"line":42,"column":3}}],"line":40},"2":{"loc":{"start":{"line":125,"column":9},"end":{"line":145,"column":9}},"type":"cond-expr","locations":[{"start":{"line":126,"column":10},"end":{"line":134,"column":29}},{"start":{"line":136,"column":10},"end":{"line":144,"column":29}}],"line":125},"3":{"loc":{"start":{"line":125,"column":9},"end":{"line":125,"column":58}},"type":"binary-expr","locations":[{"start":{"line":125,"column":9},"end":{"line":125,"column":33}},{"start":{"line":125,"column":37},"end":{"line":125,"column":58}}],"line":125},"4":{"loc":{"start":{"line":152,"column":7},"end":{"line":154,"column":14}},"type":"cond-expr","locations":[{"start":{"line":153,"column":10},"end":{"line":153,"column":36}},{"start":{"line":154,"column":10},"end":{"line":154,"column":14}}],"line":152},"5":{"loc":{"start":{"line":152,"column":7},"end":{"line":152,"column":48}},"type":"binary-expr","locations":[{"start":{"line":152,"column":7},"end":{"line":152,"column":22}},{"start":{"line":152,"column":26},"end":{"line":152,"column":48}}],"line":152}},"s":{"0":1,"1":1,"2":2,"3":1,"4":2,"5":1,"6":2,"7":1,"8":1,"9":1,"10":1,"11":1,"12":0,"13":1,"14":0,"15":1,"16":0,"17":0,"18":0,"19":0,"20":0,"21":0,"22":0,"23":0,"24":0},"f":{"0":1,"1":2,"2":2,"3":2,"4":1,"5":0,"6":0,"7":0,"8":0,"9":0,"10":0,"11":0},"b":{"0":[0,1],"1":[0,1],"2":[0,1],"3":[1,0],"4":[0,1],"5":[1,0]},"_coverageSchema":"1a1c01bbd47fc00a2c39e90264f33305004495a9","hash":"a4c1e460b7ea5508c0fb24c4858b2d3f0920be61"}
,"C:\\Users\\usuario\\Desktop\\Henrry Prep\\Proyecto Banco del Sol\\Banco-del-sol\\src\\screens\\login\\LoginStyles.ts": {"path":"C:\\Users\\usuario\\Desktop\\Henrry Prep\\Proyecto Banco del Sol\\Banco-del-sol\\src\\screens\\login\\LoginStyles.ts","statementMap":{"0":{"start":{"line":4,"column":22},"end":{"line":147,"column":2}}},"fnMap":{},"branchMap":{},"s":{"0":1},"f":{},"b":{},"_coverageSchema":"1a1c01bbd47fc00a2c39e90264f33305004495a9","hash":"fd9a1808755cb409082b8646f8c4912f563c681d"}
,"C:\\Users\\usuario\\Desktop\\Henrry Prep\\Proyecto Banco del Sol\\Banco-del-sol\\src\\screens\\register\\Register.tsx": {"path":"C:\\Users\\usuario\\Desktop\\Henrry Prep\\Proyecto Banco del Sol\\Banco-del-sol\\src\\screens\\register\\Register.tsx","statementMap":{"0":{"start":{"line":32,"column":0},"end":{"line":32,"column":36}},"1":{"start":{"line":33,"column":0},"end":{"line":33,"column":23}},"2":{"start":{"line":35,"column":12},"end":{"line":35,"column":26}},"3":{"start":{"line":37,"column":27},"end":{"line":37,"column":57}},"4":{"start":{"line":38,"column":28},"end":{"line":38,"column":59}},"5":{"start":{"line":39,"column":21},"end":{"line":39,"column":23}},"6":{"start":{"line":40,"column":21},"end":{"line":40,"column":56}},"7":{"start":{"line":42,"column":0},"end":{"line":42,"column":29}},"8":{"start":{"line":45,"column":20},"end":{"line":45,"column":67}},"9":{"start":{"line":45,"column":56},"end":{"line":45,"column":66}},"10":{"start":{"line":46,"column":18},"end":{"line":46,"column":66}},"11":{"start":{"line":46,"column":52},"end":{"line":46,"column":65}},"12":{"start":{"line":47,"column":16},"end":{"line":47,"column":63}},"13":{"start":{"line":47,"column":50},"end":{"line":47,"column":62}},"14":{"start":{"line":49,"column":28},"end":{"line":49,"column":43}},"15":{"start":{"line":51,"column":21},"end":{"line":85,"column":4}},"16":{"start":{"line":87,"column":64},"end":{"line":108,"column":4}},"17":{"start":{"line":106,"column":24},"end":{"line":106,"column":43}},"18":{"start":{"line":110,"column":44},"end":{"line":110,"column":60}},"19":{"start":{"line":111,"column":32},"end":{"line":113,"column":3}},"20":{"start":{"line":112,"column":4},"end":{"line":112,"column":40}},"21":{"start":{"line":115,"column":26},"end":{"line":115,"column":41}},"22":{"start":{"line":116,"column":19},"end":{"line":116,"column":32}},"23":{"start":{"line":133,"column":19},"end":{"line":158,"column":3}},"24":{"start":{"line":159,"column":20},"end":{"line":184,"column":3}},"25":{"start":{"line":186,"column":20},"end":{"line":186,"column":75}},"26":{"start":{"line":186,"column":39},"end":{"line":186,"column":74}},"27":{"start":{"line":198,"column":8},"end":{"line":198,"column":9}},"28":{"start":{"line":199,"column":17},"end":{"line":207,"column":5}},"29":{"start":{"line":208,"column":4},"end":{"line":208,"column":35}},"30":{"start":{"line":209,"column":4},"end":{"line":209,"column":31}},"31":{"start":{"line":212,"column":2},"end":{"line":216,"column":21}},"32":{"start":{"line":213,"column":4},"end":{"line":215,"column":5}},"33":{"start":{"line":214,"column":6},"end":{"line":214,"column":21}},"34":{"start":{"line":218,"column":2},"end":{"line":220,"column":3}},"35":{"start":{"line":219,"column":4},"end":{"line":219,"column":32}},"36":{"start":{"line":225,"column":2},"end":{"line":715,"column":4}},"37":{"start":{"line":243,"column":10},"end":{"line":247,"column":11}},"38":{"start":{"line":244,"column":12},"end":{"line":244,"column":41}},"39":{"start":{"line":246,"column":12},"end":{"line":246,"column":27}},"40":{"start":{"line":271,"column":12},"end":{"line":271,"column":28}},"41":{"start":{"line":272,"column":12},"end":{"line":272,"column":36}},"42":{"start":{"line":537,"column":18},"end":{"line":537,"column":46}},"43":{"start":{"line":538,"column":18},"end":{"line":538,"column":51}},"44":{"start":{"line":654,"column":14},"end":{"line":665,"column":15}},"45":{"start":{"line":662,"column":16},"end":{"line":662,"column":31}},"46":{"start":{"line":664,"column":16},"end":{"line":664,"column":52}},"47":{"start":{"line":685,"column":14},"end":{"line":699,"column":15}},"48":{"start":{"line":695,"column":16},"end":{"line":695,"column":76}},"49":{"start":{"line":696,"column":16},"end":{"line":696,"column":29}},"50":{"start":{"line":698,"column":16},"end":{"line":698,"column":52}}},"fnMap":{"0":{"name":"Register","decl":{"start":{"line":44,"column":16},"end":{"line":44,"column":24}},"loc":{"start":{"line":44,"column":48},"end":{"line":716,"column":1}},"line":44},"1":{"name":"(anonymous_1)","decl":{"start":{"line":45,"column":32},"end":{"line":45,"column":33}},"loc":{"start":{"line":45,"column":56},"end":{"line":45,"column":66}},"line":45},"2":{"name":"(anonymous_2)","decl":{"start":{"line":46,"column":30},"end":{"line":46,"column":31}},"loc":{"start":{"line":46,"column":52},"end":{"line":46,"column":65}},"line":46},"3":{"name":"(anonymous_3)","decl":{"start":{"line":47,"column":28},"end":{"line":47,"column":29}},"loc":{"start":{"line":47,"column":50},"end":{"line":47,"column":62}},"line":47},"4":{"name":"(anonymous_4)","decl":{"start":{"line":106,"column":14},"end":{"line":106,"column":15}},"loc":{"start":{"line":106,"column":24},"end":{"line":106,"column":43}},"line":106},"5":{"name":"(anonymous_5)","decl":{"start":{"line":111,"column":32},"end":{"line":111,"column":33}},"loc":{"start":{"line":111,"column":45},"end":{"line":113,"column":3}},"line":111},"6":{"name":"(anonymous_6)","decl":{"start":{"line":186,"column":34},"end":{"line":186,"column":35}},"loc":{"start":{"line":186,"column":39},"end":{"line":186,"column":74}},"line":186},"7":{"name":"send","decl":{"start":{"line":188,"column":11},"end":{"line":188,"column":15}},"loc":{"start":{"line":188,"column":24},"end":{"line":210,"column":3}},"line":188},"8":{"name":"(anonymous_8)","decl":{"start":{"line":212,"column":12},"end":{"line":212,"column":13}},"loc":{"start":{"line":212,"column":18},"end":{"line":216,"column":3}},"line":212},"9":{"name":"(anonymous_9)","decl":{"start":{"line":242,"column":17},"end":{"line":242,"column":18}},"loc":{"start":{"line":242,"column":23},"end":{"line":248,"column":9}},"line":242},"10":{"name":"(anonymous_10)","decl":{"start":{"line":270,"column":28},"end":{"line":270,"column":29}},"loc":{"start":{"line":270,"column":34},"end":{"line":273,"column":11}},"line":270},"11":{"name":"(anonymous_11)","decl":{"start":{"line":536,"column":31},"end":{"line":536,"column":32}},"loc":{"start":{"line":536,"column":57},"end":{"line":539,"column":17}},"line":536},"12":{"name":"(anonymous_12)","decl":{"start":{"line":653,"column":21},"end":{"line":653,"column":22}},"loc":{"start":{"line":653,"column":27},"end":{"line":666,"column":13}},"line":653},"13":{"name":"(anonymous_13)","decl":{"start":{"line":684,"column":21},"end":{"line":684,"column":22}},"loc":{"start":{"line":684,"column":27},"end":{"line":700,"column":13}},"line":684}},"branchMap":{"0":{"loc":{"start":{"line":213,"column":4},"end":{"line":215,"column":5}},"type":"if","locations":[{"start":{"line":213,"column":4},"end":{"line":215,"column":5}},{"start":{"line":213,"column":4},"end":{"line":215,"column":5}}],"line":213},"1":{"loc":{"start":{"line":218,"column":2},"end":{"line":220,"column":3}},"type":"if","locations":[{"start":{"line":218,"column":2},"end":{"line":220,"column":3}},{"start":{"line":218,"column":2},"end":{"line":220,"column":3}}],"line":218},"2":{"loc":{"start":{"line":243,"column":10},"end":{"line":247,"column":11}},"type":"if","locations":[{"start":{"line":243,"column":10},"end":{"line":247,"column":11}},{"start":{"line":243,"column":10},"end":{"line":247,"column":11}}],"line":243},"3":{"loc":{"start":{"line":278,"column":7},"end":{"line":639,"column":7}},"type":"cond-expr","locations":[{"start":{"line":279,"column":8},"end":{"line":387,"column":15}},{"start":{"line":389,"column":8},"end":{"line":638,"column":15}}],"line":278},"4":{"loc":{"start":{"line":641,"column":9},"end":{"line":704,"column":9}},"type":"cond-expr","locations":[{"start":{"line":642,"column":10},"end":{"line":669,"column":29}},{"start":{"line":671,"column":10},"end":{"line":703,"column":29}}],"line":641},"5":{"loc":{"start":{"line":644,"column":14},"end":{"line":651,"column":38}},"type":"cond-expr","locations":[{"start":{"line":650,"column":18},"end":{"line":650,"column":31}},{"start":{"line":651,"column":18},"end":{"line":651,"column":38}}],"line":644},"6":{"loc":{"start":{"line":644,"column":14},"end":{"line":649,"column":25}},"type":"binary-expr","locations":[{"start":{"line":644,"column":14},"end":{"line":644,"column":26}},{"start":{"line":645,"column":14},"end":{"line":645,"column":30}},{"start":{"line":646,"column":14},"end":{"line":646,"column":27}},{"start":{"line":647,"column":14},"end":{"line":647,"column":26}},{"start":{"line":648,"column":14},"end":{"line":648,"column":33}},{"start":{"line":649,"column":14},"end":{"line":649,"column":25}}],"line":644},"7":{"loc":{"start":{"line":654,"column":14},"end":{"line":665,"column":15}},"type":"if","locations":[{"start":{"line":654,"column":14},"end":{"line":665,"column":15}},{"start":{"line":654,"column":14},"end":{"line":665,"column":15}}],"line":654},"8":{"loc":{"start":{"line":655,"column":16},"end":{"line":660,"column":27}},"type":"binary-expr","locations":[{"start":{"line":655,"column":16},"end":{"line":655,"column":28}},{"start":{"line":656,"column":16},"end":{"line":656,"column":32}},{"start":{"line":657,"column":16},"end":{"line":657,"column":29}},{"start":{"line":658,"column":16},"end":{"line":658,"column":28}},{"start":{"line":659,"column":16},"end":{"line":659,"column":35}},{"start":{"line":660,"column":16},"end":{"line":660,"column":27}}],"line":655},"9":{"loc":{"start":{"line":673,"column":14},"end":{"line":682,"column":38}},"type":"cond-expr","locations":[{"start":{"line":681,"column":18},"end":{"line":681,"column":31}},{"start":{"line":682,"column":18},"end":{"line":682,"column":38}}],"line":673},"10":{"loc":{"start":{"line":673,"column":14},"end":{"line":680,"column":39}},"type":"binary-expr","locations":[{"start":{"line":673,"column":14},"end":{"line":673,"column":25}},{"start":{"line":674,"column":14},"end":{"line":674,"column":33}},{"start":{"line":675,"column":14},"end":{"line":675,"column":31}},{"start":{"line":676,"column":14},"end":{"line":676,"column":37}},{"start":{"line":677,"column":14},"end":{"line":677,"column":37}},{"start":{"line":678,"column":14},"end":{"line":678,"column":38}},{"start":{"line":679,"column":14},"end":{"line":679,"column":35}},{"start":{"line":680,"column":14},"end":{"line":680,"column":39}}],"line":673},"11":{"loc":{"start":{"line":685,"column":14},"end":{"line":699,"column":15}},"type":"if","locations":[{"start":{"line":685,"column":14},"end":{"line":699,"column":15}},{"start":{"line":685,"column":14},"end":{"line":699,"column":15}}],"line":685},"12":{"loc":{"start":{"line":686,"column":16},"end":{"line":693,"column":41}},"type":"binary-expr","locations":[{"start":{"line":686,"column":16},"end":{"line":686,"column":27}},{"start":{"line":687,"column":16},"end":{"line":687,"column":35}},{"start":{"line":688,"column":16},"end":{"line":688,"column":33}},{"start":{"line":689,"column":16},"end":{"line":689,"column":39}},{"start":{"line":690,"column":16},"end":{"line":690,"column":39}},{"start":{"line":691,"column":16},"end":{"line":691,"column":40}},{"start":{"line":692,"column":16},"end":{"line":692,"column":37}},{"start":{"line":693,"column":16},"end":{"line":693,"column":41}}],"line":686},"13":{"loc":{"start":{"line":711,"column":7},"end":{"line":713,"column":14}},"type":"cond-expr","locations":[{"start":{"line":712,"column":10},"end":{"line":712,"column":36}},{"start":{"line":713,"column":10},"end":{"line":713,"column":14}}],"line":711},"14":{"loc":{"start":{"line":711,"column":7},"end":{"line":711,"column":48}},"type":"binary-expr","locations":[{"start":{"line":711,"column":7},"end":{"line":711,"column":22}},{"start":{"line":711,"column":26},"end":{"line":711,"column":48}}],"line":711}},"s":{"0":1,"1":1,"2":1,"3":1,"4":1,"5":1,"6":1,"7":1,"8":1,"9":2,"10":1,"11":2,"12":1,"13":2,"14":1,"15":1,"16":1,"17":0,"18":1,"19":1,"20":0,"21":1,"22":1,"23":1,"24":1,"25":1,"26":24,"27":0,"28":0,"29":0,"30":0,"31":1,"32":1,"33":0,"34":1,"35":0,"36":1,"37":0,"38":0,"39":0,"40":0,"41":0,"42":0,"43":0,"44":0,"45":0,"46":0,"47":0,"48":0,"49":0,"50":0},"f":{"0":1,"1":2,"2":2,"3":2,"4":0,"5":0,"6":24,"7":0,"8":1,"9":0,"10":0,"11":0,"12":0,"13":0},"b":{"0":[0,1],"1":[0,1],"2":[0,0],"3":[1,0],"4":[1,0],"5":[0,1],"6":[1,1,1,1,1,1],"7":[0,0],"8":[0,0,0,0,0,0],"9":[0,0],"10":[0,0,0,0,0,0,0,0],"11":[0,0],"12":[0,0,0,0,0,0,0,0],"13":[0,1],"14":[1,0]},"_coverageSchema":"1a1c01bbd47fc00a2c39e90264f33305004495a9","hash":"b03e75b3bd6e0ceef8daff0a42b5c14e26f73323"}
,"C:\\Users\\usuario\\Desktop\\Henrry Prep\\Proyecto Banco del Sol\\Banco-del-sol\\src\\screens\\register\\RegisterStyles.ts": {"path":"C:\\Users\\usuario\\Desktop\\Henrry Prep\\Proyecto Banco del Sol\\Banco-del-sol\\src\\screens\\register\\RegisterStyles.ts","statementMap":{"0":{"start":{"line":5,"column":22},"end":{"line":320,"column":2}}},"fnMap":{},"branchMap":{},"s":{"0":1},"f":{},"b":{},"_coverageSchema":"1a1c01bbd47fc00a2c39e90264f33305004495a9","hash":"493942dddaf7f56d5fa320366ce9ffb437a53513"}
,"C:\\Users\\usuario\\Desktop\\Henrry Prep\\Proyecto Banco del Sol\\Banco-del-sol\\src\\screens\\start\\StartView.tsx": {"path":"C:\\Users\\usuario\\Desktop\\Henrry Prep\\Proyecto Banco del Sol\\Banco-del-sol\\src\\screens\\start\\StartView.tsx","statementMap":{"0":{"start":{"line":14,"column":25},"end":{"line":48,"column":1}},"1":{"start":{"line":15,"column":2},"end":{"line":47,"column":4}},"2":{"start":{"line":28,"column":27},"end":{"line":28,"column":54}},"3":{"start":{"line":35,"column":27},"end":{"line":35,"column":51}}},"fnMap":{"0":{"name":"(anonymous_0)","decl":{"start":{"line":14,"column":25},"end":{"line":14,"column":26}},"loc":{"start":{"line":14,"column":52},"end":{"line":48,"column":1}},"line":14},"1":{"name":"(anonymous_1)","decl":{"start":{"line":28,"column":21},"end":{"line":28,"column":22}},"loc":{"start":{"line":28,"column":27},"end":{"line":28,"column":54}},"line":28},"2":{"name":"(anonymous_2)","decl":{"start":{"line":35,"column":21},"end":{"line":35,"column":22}},"loc":{"start":{"line":35,"column":27},"end":{"line":35,"column":51}},"line":35}},"branchMap":{},"s":{"0":1,"1":3,"2":1,"3":1},"f":{"0":3,"1":1,"2":1},"b":{},"_coverageSchema":"1a1c01bbd47fc00a2c39e90264f33305004495a9","hash":"d8c4ccf041ea3c858145d96f59e074a6f941d430"}
,"C:\\Users\\usuario\\Desktop\\Henrry Prep\\Proyecto Banco del Sol\\Banco-del-sol\\src\\screens\\start\\StartViewStyles.ts": {"path":"C:\\Users\\usuario\\Desktop\\Henrry Prep\\Proyecto Banco del Sol\\Banco-del-sol\\src\\screens\\start\\StartViewStyles.ts","statementMap":{"0":{"start":{"line":5,"column":14},"end":{"line":5,"column":44}},"1":{"start":{"line":6,"column":15},"end":{"line":6,"column":46}},"2":{"start":{"line":7,"column":15},"end":{"line":7,"column":24}},"3":{"start":{"line":8,"column":15},"end":{"line":8,"column":37}},"4":{"start":{"line":9,"column":22},"end":{"line":36,"column":2}}},"fnMap":{},"branchMap":{},"s":{"0":1,"1":1,"2":1,"3":1,"4":1},"f":{},"b":{},"_coverageSchema":"1a1c01bbd47fc00a2c39e90264f33305004495a9","hash":"60b40940e1df4dd22266dbc2ecc4decad5c4d6a3"}
,"C:\\Users\\usuario\\Desktop\\Henrry Prep\\Proyecto Banco del Sol\\Banco-del-sol\\src\\util\\auth.ts": {"path":"C:\\Users\\usuario\\Desktop\\Henrry Prep\\Proyecto Banco del Sol\\Banco-del-sol\\src\\util\\auth.ts","statementMap":{"0":{"start":{"line":9,"column":24},"end":{"line":41,"column":1}},"1":{"start":{"line":10,"column":28},"end":{"line":10,"column":46}},"2":{"start":{"line":11,"column":34},"end":{"line":11,"column":52}},"3":{"start":{"line":13,"column":4},"end":{"line":13,"column":22}},"4":{"start":{"line":15,"column":17},"end":{"line":31,"column":3}},"5":{"start":{"line":16,"column":34},"end":{"line":16,"column":36}},"6":{"start":{"line":17,"column":4},"end":{"line":19,"column":5}},"7":{"start":{"line":18,"column":6},"end":{"line":18,"column":51}},"8":{"start":{"line":20,"column":4},"end":{"line":22,"column":5}},"9":{"start":{"line":21,"column":6},"end":{"line":21,"column":54}},"10":{"start":{"line":23,"column":4},"end":{"line":23,"column":26}},"11":{"start":{"line":25,"column":4},"end":{"line":27,"column":5}},"12":{"start":{"line":26,"column":6},"end":{"line":26,"column":18}},"13":{"start":{"line":29,"column":4},"end":{"line":29,"column":72}},"14":{"start":{"line":30,"column":4},"end":{"line":30,"column":16}},"15":{"start":{"line":33,"column":2},"end":{"line":40,"column":4}}},"fnMap":{"0":{"name":"(anonymous_0)","decl":{"start":{"line":9,"column":24},"end":{"line":9,"column":25}},"loc":{"start":{"line":9,"column":30},"end":{"line":41,"column":1}},"line":9},"1":{"name":"(anonymous_1)","decl":{"start":{"line":15,"column":17},"end":{"line":15,"column":18}},"loc":{"start":{"line":15,"column":23},"end":{"line":31,"column":3}},"line":15}},"branchMap":{"0":{"loc":{"start":{"line":17,"column":4},"end":{"line":19,"column":5}},"type":"if","locations":[{"start":{"line":17,"column":4},"end":{"line":19,"column":5}},{"start":{"line":17,"column":4},"end":{"line":19,"column":5}}],"line":17},"1":{"loc":{"start":{"line":20,"column":4},"end":{"line":22,"column":5}},"type":"if","locations":[{"start":{"line":20,"column":4},"end":{"line":22,"column":5}},{"start":{"line":20,"column":4},"end":{"line":22,"column":5}}],"line":20},"2":{"loc":{"start":{"line":25,"column":4},"end":{"line":27,"column":5}},"type":"if","locations":[{"start":{"line":25,"column":4},"end":{"line":27,"column":5}},{"start":{"line":25,"column":4},"end":{"line":27,"column":5}}],"line":25}},"s":{"0":1,"1":5,"2":5,"3":5,"4":5,"5":2,"6":2,"7":1,"8":2,"9":1,"10":2,"11":2,"12":1,"13":1,"14":1,"15":5},"f":{"0":5,"1":2},"b":{"0":[1,1],"1":[1,1],"2":[1,1]},"_coverageSchema":"1a1c01bbd47fc00a2c39e90264f33305004495a9","hash":"ca329cd154861a1a71ed8ec73a9e10dc7bd7c9d6"}
}
