TN:
SF:Img-Sant\Banco-del-Sol-Logo.png
FNF:0
FNH:0
DA:1,1
LF:1
LH:1
BRF:0
BRH:0
end_of_record
TN:
SF:src\components\Button.tsx
FN:44,(anonymous_0)
FN:45,(anonymous_1)
FNF:2
FNH:1
FNDA:1,(anonymous_0)
FNDA:0,(anonymous_1)
DA:13,1
DA:44,1
DA:49,1
DA:50,1
DA:52,1
DA:53,0
DA:54,0
DA:57,1
LF:8
LH:6
BRDA:45,0,0,0
BRDA:46,1,0,0
BRDA:52,2,0,0
BRDA:52,2,1,1
BRF:4
BRH:1
end_of_record
TN:
SF:src\components\TextInputFormix.tsx
FN:5,TextInput
FNF:1
FNH:1
FNDA:5,TextInput
DA:12,5
DA:13,5
LF:2
LH:2
BRDA:12,0,0,5
BRDA:12,0,1,0
BRDA:12,1,0,0
BRDA:12,1,1,0
BRDA:37,2,0,5
BRDA:37,2,1,0
BRDA:37,3,0,0
BRDA:37,3,1,0
BRF:8
BRH:2
end_of_record
TN:
SF:src\constants\ButtonPrymaryStyle.ts
FNF:0
FNH:0
DA:4,4
LF:1
LH:1
BRF:0
BRH:0
end_of_record
TN:
SF:src\constants\ButtonSecondaryStyle.ts
FNF:0
FNH:0
DA:4,1
LF:1
LH:1
BRF:0
BRH:0
end_of_record
TN:
SF:src\constants\colors.ts
FNF:0
FNH:0
LF:0
LH:0
BRF:0
BRH:0
end_of_record
TN:
SF:src\redux\actions\index.ts
FN:24,register
FN:25,(anonymous_1)
FN:29,(anonymous_2)
FN:32,(anonymous_3)
FN:39,(anonymous_4)
FN:53,(anonymous_5)
FN:61,(anonymous_6)
FN:69,(anonymous_7)
FN:86,login
FN:87,(anonymous_9)
FN:91,(anonymous_10)
FN:94,(anonymous_11)
FN:104,(anonymous_12)
FN:118,(anonymous_13)
FN:126,(anonymous_14)
FN:134,(anonymous_15)
FN:165,logout
FN:166,(anonymous_17)
FN:170,(anonymous_18)
FN:176,(anonymous_19)
FN:186,resetPass
FN:187,(anonymous_21)
FN:191,(anonymous_22)
FN:197,(anonymous_23)
FN:219,resetSucceed
FN:220,(anonymous_25)
FN:228,setLoadingTrue
FN:229,(anonymous_27)
FN:236,setLoadingFalse
FN:237,(anonymous_29)
FN:244,cleanErrors
FN:245,(anonymous_31)
FN:252,fetchCvu
FN:253,(anonymous_33)
FN:261,addFunds
FN:269,(anonymous_35)
FN:280,(anonymous_36)
FN:286,(anonymous_37)
FN:297,(anonymous_38)
FN:297,(anonymous_39)
FN:306,(anonymous_40)
FN:319,(anonymous_41)
FN:325,(anonymous_42)
FN:325,(anonymous_43)
FN:334,(anonymous_44)
FN:348,(anonymous_45)
FN:360,(anonymous_46)
FN:360,(anonymous_47)
FN:368,(anonymous_48)
FN:368,(anonymous_49)
FN:377,updateAccount
FN:378,(anonymous_51)
FN:385,(anonymous_52)
FN:391,(anonymous_53)
FN:401,updateUser
FN:413,(anonymous_55)
FN:419,(anonymous_56)
FN:422,(anonymous_57)
FN:422,(anonymous_58)
FNF:59
FNH:0
FNDA:0,register
FNDA:0,(anonymous_1)
FNDA:0,(anonymous_2)
FNDA:0,(anonymous_3)
FNDA:0,(anonymous_4)
FNDA:0,(anonymous_5)
FNDA:0,(anonymous_6)
FNDA:0,(anonymous_7)
FNDA:0,login
FNDA:0,(anonymous_9)
FNDA:0,(anonymous_10)
FNDA:0,(anonymous_11)
FNDA:0,(anonymous_12)
FNDA:0,(anonymous_13)
FNDA:0,(anonymous_14)
FNDA:0,(anonymous_15)
FNDA:0,logout
FNDA:0,(anonymous_17)
FNDA:0,(anonymous_18)
FNDA:0,(anonymous_19)
FNDA:0,resetPass
FNDA:0,(anonymous_21)
FNDA:0,(anonymous_22)
FNDA:0,(anonymous_23)
FNDA:0,resetSucceed
FNDA:0,(anonymous_25)
FNDA:0,setLoadingTrue
FNDA:0,(anonymous_27)
FNDA:0,setLoadingFalse
FNDA:0,(anonymous_29)
FNDA:0,cleanErrors
FNDA:0,(anonymous_31)
FNDA:0,fetchCvu
FNDA:0,(anonymous_33)
FNDA:0,addFunds
FNDA:0,(anonymous_35)
FNDA:0,(anonymous_36)
FNDA:0,(anonymous_37)
FNDA:0,(anonymous_38)
FNDA:0,(anonymous_39)
FNDA:0,(anonymous_40)
FNDA:0,(anonymous_41)
FNDA:0,(anonymous_42)
FNDA:0,(anonymous_43)
FNDA:0,(anonymous_44)
FNDA:0,(anonymous_45)
FNDA:0,(anonymous_46)
FNDA:0,(anonymous_47)
FNDA:0,(anonymous_48)
FNDA:0,(anonymous_49)
FNDA:0,updateAccount
FNDA:0,(anonymous_51)
FNDA:0,(anonymous_52)
FNDA:0,(anonymous_53)
FNDA:0,updateUser
FNDA:0,(anonymous_55)
FNDA:0,(anonymous_56)
FNDA:0,(anonymous_57)
FNDA:0,(anonymous_58)
DA:5,3
DA:7,3
DA:8,3
DA:9,3
DA:10,3
DA:11,3
DA:12,3
DA:13,3
DA:14,3
DA:15,3
DA:16,3
DA:17,3
DA:18,3
DA:19,3
DA:20,3
DA:21,3
DA:22,3
DA:25,0
DA:26,0
DA:30,0
DA:33,0
DA:40,0
DA:44,0
DA:48,0
DA:54,0
DA:58,0
DA:62,0
DA:66,0
DA:70,0
DA:71,0
DA:76,0
DA:81,0
DA:87,0
DA:88,0
DA:92,0
DA:95,0
DA:105,0
DA:109,0
DA:113,0
DA:119,0
DA:123,0
DA:127,0
DA:131,0
DA:135,0
DA:136,0
DA:140,0
DA:142,0
DA:143,0
DA:147,0
DA:149,0
DA:150,0
DA:154,0
DA:156,0
DA:160,0
DA:166,0
DA:167,0
DA:171,0
DA:177,0
DA:181,0
DA:187,0
DA:188,0
DA:192,0
DA:198,0
DA:199,0
DA:203,0
DA:204,0
DA:209,0
DA:214,0
DA:220,0
DA:221,0
DA:229,0
DA:230,0
DA:237,0
DA:238,0
DA:245,0
DA:246,0
DA:253,0
DA:254,0
DA:269,0
DA:270,0
DA:281,0
DA:287,0
DA:291,0
DA:297,3
DA:300,0
DA:307,0
DA:309,0
DA:314,0
DA:321,0
DA:325,3
DA:328,0
DA:335,0
DA:337,0
DA:338,0
DA:342,0
DA:349,0
DA:353,0
DA:360,3
DA:362,0
DA:368,3
DA:371,0
DA:378,0
DA:379,0
DA:386,0
DA:392,0
DA:396,0
DA:402,0
DA:403,0
DA:414,0
DA:419,0
DA:422,3
DA:423,0
DA:424,0
LF:113
LH:22
BRDA:70,0,0,0
BRDA:70,0,1,0
BRDA:135,1,0,0
BRDA:135,1,1,0
BRDA:142,2,0,0
BRDA:142,2,1,0
BRDA:149,3,0,0
BRDA:149,3,1,0
BRDA:198,4,0,0
BRDA:198,4,1,0
BRDA:203,5,0,0
BRDA:203,5,1,0
BRF:12
BRH:0
end_of_record
TN:
SF:src\redux\reducer\index.ts
FN:39,rootReducer
FN:126,(anonymous_1)
FNF:2
FNH:0
FNDA:0,rootReducer
FNDA:0,(anonymous_1)
DA:25,3
DA:40,0
DA:42,0
DA:48,0
DA:54,0
DA:60,0
DA:67,0
DA:73,0
DA:78,0
DA:92,0
DA:101,0
DA:107,0
DA:113,0
DA:119,0
DA:125,0
DA:126,0
DA:128,0
DA:134,0
DA:140,0
DA:145,0
DA:150,0
LF:21
LH:1
BRDA:39,0,0,0
BRDA:40,1,0,0
BRDA:40,1,1,0
BRDA:40,1,2,0
BRDA:40,1,3,0
BRDA:40,1,4,0
BRDA:40,1,5,0
BRDA:40,1,6,0
BRDA:40,1,7,0
BRDA:40,1,8,0
BRDA:40,1,9,0
BRDA:40,1,10,0
BRDA:40,1,11,0
BRDA:40,1,12,0
BRDA:40,1,13,0
BRDA:40,1,14,0
BRDA:40,1,15,0
BRDA:40,1,16,0
BRF:18
BRH:0
end_of_record
TN:
SF:src\screens\addFunds\AddFunds.tsx
FN:12,(anonymous_0)
FN:13,(anonymous_1)
FN:14,(anonymous_2)
FN:29,(anonymous_3)
FN:42,(anonymous_4)
FNF:5
FNH:3
FNDA:1,(anonymous_0)
FNDA:2,(anonymous_1)
FNDA:2,(anonymous_2)
FNDA:0,(anonymous_3)
FNDA:0,(anonymous_4)
DA:12,1
DA:13,2
DA:14,2
DA:15,1
DA:16,1
DA:18,1
DA:30,0
DA:31,0
DA:43,0
DA:53,0
LF:10
LH:6
BRDA:30,0,0,0
BRDA:30,0,1,0
BRDA:39,1,0,0
BRDA:39,1,1,1
BRF:4
BRH:1
end_of_record
TN:
SF:src\screens\addFunds\AddFundsStyles.ts
FNF:0
FNH:0
DA:4,1
LF:1
LH:1
BRF:0
BRH:0
end_of_record
TN:
SF:src\screens\error\Error.tsx
FN:10,(anonymous_0)
FN:11,(anonymous_1)
FN:21,(anonymous_2)
FNF:3
FNH:3
FNDA:2,(anonymous_0)
FNDA:1,(anonymous_1)
FNDA:1,(anonymous_2)
DA:10,1
DA:11,2
DA:12,1
DA:14,2
DA:21,1
LF:5
LH:5
BRF:0
BRH:0
end_of_record
TN:
SF:src\screens\error\ErrorStyles.ts
FNF:0
FNH:0
DA:4,1
LF:1
LH:1
BRF:0
BRH:0
end_of_record
TN:
SF:src\screens\loading2\LoadingFull.tsx
FN:11,LoadingFull
FNF:1
FNH:1
FNDA:3,LoadingFull
DA:12,3
DA:14,3
LF:2
LH:2
BRDA:12,0,0,1
BRF:1
BRH:1
end_of_record
TN:
SF:src\screens\login\Login.tsx
FN:20,(anonymous_0)
FN:21,(anonymous_1)
FN:22,(anonymous_2)
FN:23,(anonymous_3)
FN:34,(anonymous_4)
FN:56,(anonymous_5)
FN:87,(anonymous_6)
FN:103,(anonymous_7)
FN:112,(anonymous_8)
FN:118,(anonymous_9)
FN:127,(anonymous_10)
FN:137,(anonymous_11)
FNF:12
FNH:5
FNDA:1,(anonymous_0)
FNDA:2,(anonymous_1)
FNDA:2,(anonymous_2)
FNDA:2,(anonymous_3)
FNDA:1,(anonymous_4)
FNDA:0,(anonymous_5)
FNDA:0,(anonymous_6)
FNDA:0,(anonymous_7)
FNDA:0,(anonymous_8)
FNDA:0,(anonymous_9)
FNDA:0,(anonymous_10)
FNDA:0,(anonymous_11)
DA:20,1
DA:21,2
DA:22,2
DA:23,2
DA:24,1
DA:26,1
DA:28,1
DA:34,1
DA:35,1
DA:36,0
DA:40,1
DA:41,0
DA:44,1
DA:57,0
DA:88,0
DA:89,0
DA:103,0
DA:112,0
DA:118,0
DA:128,0
DA:129,0
DA:138,0
LF:22
LH:11
BRDA:35,0,0,0
BRDA:35,0,1,1
BRDA:40,1,0,0
BRDA:40,1,1,1
BRDA:125,2,0,0
BRDA:125,2,1,1
BRDA:125,3,0,1
BRDA:125,3,1,0
BRDA:152,4,0,0
BRDA:152,4,1,1
BRDA:152,5,0,1
BRDA:152,5,1,0
BRF:12
BRH:6
end_of_record
TN:
SF:src\screens\login\LoginStyles.ts
FNF:0
FNH:0
DA:4,1
LF:1
LH:1
BRF:0
BRH:0
end_of_record
TN:
SF:src\screens\register\Register.tsx
FN:44,Register
FN:45,(anonymous_1)
FN:46,(anonymous_2)
FN:47,(anonymous_3)
FN:106,(anonymous_4)
FN:111,(anonymous_5)
FN:186,(anonymous_6)
FN:188,send
FN:212,(anonymous_8)
FN:242,(anonymous_9)
FN:270,(anonymous_10)
FN:536,(anonymous_11)
FN:653,(anonymous_12)
FN:684,(anonymous_13)
FNF:14
FNH:6
FNDA:1,Register
FNDA:2,(anonymous_1)
FNDA:2,(anonymous_2)
FNDA:2,(anonymous_3)
FNDA:0,(anonymous_4)
FNDA:0,(anonymous_5)
FNDA:24,(anonymous_6)
FNDA:0,send
FNDA:1,(anonymous_8)
FNDA:0,(anonymous_9)
FNDA:0,(anonymous_10)
FNDA:0,(anonymous_11)
FNDA:0,(anonymous_12)
FNDA:0,(anonymous_13)
DA:32,1
DA:33,1
DA:35,1
DA:37,1
DA:38,1
DA:39,1
DA:40,1
DA:42,1
DA:45,2
DA:46,2
DA:47,2
DA:49,1
DA:51,1
DA:87,1
DA:106,0
DA:110,1
DA:111,1
DA:112,0
DA:115,1
DA:116,1
DA:133,1
DA:159,1
DA:186,24
DA:198,0
DA:199,0
DA:208,0
DA:209,0
DA:212,1
DA:213,1
DA:214,0
DA:218,1
DA:219,0
DA:225,1
DA:243,0
DA:244,0
DA:246,0
DA:271,0
DA:272,0
DA:537,0
DA:538,0
DA:654,0
DA:662,0
DA:664,0
DA:685,0
DA:695,0
DA:696,0
DA:698,0
LF:47
LH:25
BRDA:213,0,0,0
BRDA:213,0,1,1
BRDA:218,1,0,0
BRDA:218,1,1,1
BRDA:243,2,0,0
BRDA:243,2,1,0
BRDA:278,3,0,1
BRDA:278,3,1,0
BRDA:641,4,0,1
BRDA:641,4,1,0
BRDA:644,5,0,0
BRDA:644,5,1,1
BRDA:644,6,0,1
BRDA:644,6,1,1
BRDA:644,6,2,1
BRDA:644,6,3,1
BRDA:644,6,4,1
BRDA:644,6,5,1
BRDA:654,7,0,0
BRDA:654,7,1,0
BRDA:655,8,0,0
BRDA:655,8,1,0
BRDA:655,8,2,0
BRDA:655,8,3,0
BRDA:655,8,4,0
BRDA:655,8,5,0
BRDA:673,9,0,0
BRDA:673,9,1,0
BRDA:673,10,0,0
BRDA:673,10,1,0
BRDA:673,10,2,0
BRDA:673,10,3,0
BRDA:673,10,4,0
BRDA:673,10,5,0
BRDA:673,10,6,0
BRDA:673,10,7,0
BRDA:685,11,0,0
BRDA:685,11,1,0
BRDA:686,12,0,0
BRDA:686,12,1,0
BRDA:686,12,2,0
BRDA:686,12,3,0
BRDA:686,12,4,0
BRDA:686,12,5,0
BRDA:686,12,6,0
BRDA:686,12,7,0
BRDA:711,13,0,0
BRDA:711,13,1,1
BRDA:711,14,0,1
BRDA:711,14,1,0
BRF:50
BRH:13
end_of_record
TN:
SF:src\screens\register\RegisterStyles.ts
FNF:0
FNH:0
DA:5,1
LF:1
LH:1
BRF:0
BRH:0
end_of_record
TN:
SF:src\screens\start\StartView.tsx
FN:14,(anonymous_0)
FN:28,(anonymous_1)
FN:35,(anonymous_2)
FNF:3
FNH:3
FNDA:3,(anonymous_0)
FNDA:1,(anonymous_1)
FNDA:1,(anonymous_2)
DA:14,1
DA:15,3
DA:28,1
DA:35,1
LF:4
LH:4
BRF:0
BRH:0
end_of_record
TN:
SF:src\screens\start\StartViewStyles.ts
FNF:0
FNH:0
DA:5,1
DA:6,1
DA:7,1
DA:8,1
DA:9,1
LF:5
LH:5
BRF:0
BRH:0
end_of_record
TN:
SF:src\util\auth.ts
FN:9,(anonymous_0)
FN:15,(anonymous_1)
FNF:2
FNH:2
FNDA:5,(anonymous_0)
FNDA:2,(anonymous_1)
DA:9,1
DA:10,5
DA:11,5
DA:13,5
DA:15,5
DA:16,2
DA:17,2
DA:18,1
DA:20,2
DA:21,1
DA:23,2
DA:25,2
DA:26,1
DA:29,1
DA:30,1
DA:33,5
LF:16
LH:16
BRDA:17,0,0,1
BRDA:17,0,1,1
BRDA:20,1,0,1
BRDA:20,1,1,1
BRDA:25,2,0,1
BRDA:25,2,1,1
BRF:6
BRH:6
end_of_record
